2020-06-08 10:03:45.868 logback [main] INFO  com.Application - Starting Application on DESKTOP-UK8R91C with PID 45612 (D:\Program Files\JetBrains\course13\target\classes started by nubomed in D:\Program Files\JetBrains\course13)
2020-06-08 10:03:45.872 logback [main] INFO  com.Application - No active profile set, falling back to default profiles: default
2020-06-08 10:04:08.885 logback [main] INFO  o.s.b.w.e.tomcat.TomcatWebServer - Tomcat initialized with port(s): 8088 (http)
2020-06-08 10:04:08.900 logback [main] INFO  o.a.coyote.http11.Http11NioProtocol - Initializing ProtocolHandler ["http-nio-8088"]
2020-06-08 10:04:08.902 logback [main] INFO  o.a.catalina.core.StandardService - Starting service [Tomcat]
2020-06-08 10:04:08.902 logback [main] INFO  o.a.catalina.core.StandardEngine - Starting Servlet engine: [Apache Tomcat/9.0.33]
2020-06-08 10:04:09.278 logback [main] INFO  o.a.c.c.C.[Tomcat].[localhost].[/] - Initializing Spring embedded WebApplicationContext
2020-06-08 10:04:09.279 logback [main] INFO  o.s.web.context.ContextLoader - Root WebApplicationContext: initialization completed in 23212 ms
2020-06-08 10:04:10.568 logback [main] INFO  s.d.s.w.PropertySourcedRequestMappingHandlerMapping - Mapped URL path [/v2/api-docs] onto method [springfox.documentation.swagger2.web.Swagger2Controller#getDocumentation(String, HttpServletRequest)]
2020-06-08 10:04:11.030 logback [main] INFO  o.s.s.c.ThreadPoolTaskExecutor - Initializing ExecutorService 'applicationTaskExecutor'
2020-06-08 10:04:11.504 logback [main] INFO  s.d.s.w.p.DocumentationPluginsBootstrapper - Context refreshed
2020-06-08 10:04:11.552 logback [main] INFO  s.d.s.w.p.DocumentationPluginsBootstrapper - Found 1 custom documentation plugin(s)
2020-06-08 10:04:11.622 logback [main] INFO  s.d.s.w.s.ApiListingReferenceScanner - Scanning for api listing references
2020-06-08 10:04:12.205 logback [main] INFO  o.a.coyote.http11.Http11NioProtocol - Starting ProtocolHandler ["http-nio-8088"]
2020-06-08 10:04:12.240 logback [main] INFO  o.s.b.w.e.tomcat.TomcatWebServer - Tomcat started on port(s): 8088 (http) with context path ''
2020-06-08 10:04:12.244 logback [main] INFO  com.Application - Started Application in 27.634 seconds (JVM running for 33.3)
2020-06-08 10:04:58.303 logback [http-nio-8088-exec-1] INFO  o.a.c.c.C.[Tomcat].[localhost].[/] - Initializing Spring DispatcherServlet 'dispatcherServlet'
2020-06-08 10:04:58.303 logback [http-nio-8088-exec-1] INFO  o.s.web.servlet.DispatcherServlet - Initializing Servlet 'dispatcherServlet'
2020-06-08 10:04:58.317 logback [http-nio-8088-exec-1] INFO  o.s.web.servlet.DispatcherServlet - Completed initialization in 14 ms
2020-06-08 10:04:59.757 logback [http-nio-8088-exec-1] INFO  c.alibaba.druid.pool.DruidDataSource - {dataSource-1} inited
2020-06-08 10:04:59.993 logback [http-nio-8088-exec-1] INFO  com.course.controller.UserManager - 登录的用户是：张三
2020-06-08 10:05:00.298 logback [http-nio-8088-exec-2] INFO  com.course.controller.UserManager - cookie信息验证成功
2020-06-08 10:05:00.348 logback [http-nio-8088-exec-2] INFO  com.course.controller.UserManager - 添加用户信息成功,用户数量为:1
