2020-06-09 10:32:34.919 logback [main] INFO  com.Application - Starting Application on DESKTOP-UK8R91C with PID 30880 (D:\Program Files\JetBrains\course13\target\classes started by nubomed in D:\Program Files\JetBrains\course13)
2020-06-09 10:32:34.927 logback [main] INFO  com.Application - No active profile set, falling back to default profiles: default
2020-06-09 10:33:08.991 logback [main] INFO  o.s.b.w.e.tomcat.TomcatWebServer - Tomcat initialized with port(s): 8088 (http)
2020-06-09 10:33:09.016 logback [main] INFO  o.a.coyote.http11.Http11NioProtocol - Initializing ProtocolHandler ["http-nio-8088"]
2020-06-09 10:33:09.017 logback [main] INFO  o.a.catalina.core.StandardService - Starting service [Tomcat]
2020-06-09 10:33:09.018 logback [main] INFO  o.a.catalina.core.StandardEngine - Starting Servlet engine: [Apache Tomcat/9.0.33]
2020-06-09 10:33:09.624 logback [main] INFO  o.a.c.c.C.[Tomcat].[localhost].[/] - Initializing Spring embedded WebApplicationContext
2020-06-09 10:33:09.624 logback [main] INFO  o.s.web.context.ContextLoader - Root WebApplicationContext: initialization completed in 34548 ms
2020-06-09 10:33:11.768 logback [main] INFO  s.d.s.w.PropertySourcedRequestMappingHandlerMapping - Mapped URL path [/v2/api-docs] onto method [springfox.documentation.swagger2.web.Swagger2Controller#getDocumentation(String, HttpServletRequest)]
2020-06-09 10:33:12.415 logback [main] INFO  o.s.s.c.ThreadPoolTaskExecutor - Initializing ExecutorService 'applicationTaskExecutor'
2020-06-09 10:33:13.427 logback [main] INFO  s.d.s.w.p.DocumentationPluginsBootstrapper - Context refreshed
2020-06-09 10:33:13.482 logback [main] INFO  s.d.s.w.p.DocumentationPluginsBootstrapper - Found 1 custom documentation plugin(s)
2020-06-09 10:33:13.594 logback [main] INFO  s.d.s.w.s.ApiListingReferenceScanner - Scanning for api listing references
2020-06-09 10:33:14.908 logback [main] INFO  o.a.coyote.http11.Http11NioProtocol - Starting ProtocolHandler ["http-nio-8088"]
2020-06-09 10:33:15.023 logback [main] INFO  o.s.b.w.e.tomcat.TomcatWebServer - Tomcat started on port(s): 8088 (http) with context path ''
2020-06-09 10:33:15.032 logback [main] INFO  com.Application - Started Application in 41.267 seconds (JVM running for 48.008)
2020-06-09 10:40:45.996 logback [http-nio-8088-exec-1] INFO  o.a.c.c.C.[Tomcat].[localhost].[/] - Initializing Spring DispatcherServlet 'dispatcherServlet'
2020-06-09 10:40:45.996 logback [http-nio-8088-exec-1] INFO  o.s.web.servlet.DispatcherServlet - Initializing Servlet 'dispatcherServlet'
2020-06-09 10:40:46.013 logback [http-nio-8088-exec-1] INFO  o.s.web.servlet.DispatcherServlet - Completed initialization in 17 ms
2020-06-09 10:40:47.927 logback [http-nio-8088-exec-1] INFO  c.alibaba.druid.pool.DruidDataSource - {dataSource-1} inited
2020-06-09 10:40:48.200 logback [http-nio-8088-exec-1] INFO  com.course.controller.UserManager - 登录的用户是：张三
2020-06-09 10:40:48.463 logback [http-nio-8088-exec-2] INFO  com.course.controller.UserManager - cookie信息验证成功
2020-06-09 10:40:48.512 logback [http-nio-8088-exec-2] INFO  com.course.controller.UserManager - 添加用户信息成功,用户数量为:1
2020-06-09 14:06:32.060 logback [http-nio-8088-exec-4] INFO  com.course.controller.UserManager - 登录的用户是：张三
2020-06-09 14:06:32.610 logback [http-nio-8088-exec-5] INFO  com.course.controller.UserManager - cookie信息验证成功
2020-06-09 14:06:32.620 logback [http-nio-8088-exec-5] INFO  com.course.controller.UserManager - 添加用户信息成功,用户数量为:1
